-- The C compiler identification is GNU 11.4.0
-- The CXX compiler identification is GNU 11.4.0
-- Detecting C compiler ABI info
-- Detecting C compiler ABI info - done
-- Check for working C compiler: /usr/bin/cc - skipped
-- Detecting C compile features
-- Detecting C compile features - done
-- Detecting CXX compiler ABI info
-- Detecting CXX compiler ABI info - done
-- Check for working CXX compiler: /usr/bin/c++ - skipped
-- Detecting CXX compile features
-- Detecting CXX compile features - done
-- Found ament_cmake: 1.3.12 (/opt/ros/humble/share/ament_cmake/cmake)
-- Found Python3: /usr/bin/python3 (found version "3.10.12") found components: Interpreter 
-- Found rclcpp: 16.0.15 (/opt/ros/humble/share/rclcpp/cmake)
-- Found rosidl_generator_c: 3.1.7 (/opt/ros/humble/share/rosidl_generator_c/cmake)
-- Found rosidl_adapter: 3.1.7 (/opt/ros/humble/share/rosidl_adapter/cmake)
-- Found rosidl_generator_cpp: 3.1.7 (/opt/ros/humble/share/rosidl_generator_cpp/cmake)
-- Using all available rosidl_typesupport_c: rosidl_typesupport_fastrtps_c;rosidl_typesupport_introspection_c
-- Using all available rosidl_typesupport_cpp: rosidl_typesupport_fastrtps_cpp;rosidl_typesupport_introspection_cpp
-- Found rmw_implementation_cmake: 6.1.2 (/opt/ros/humble/share/rmw_implementation_cmake/cmake)
-- Found rmw_fastrtps_cpp: 6.2.9 (/opt/ros/humble/share/rmw_fastrtps_cpp/cmake)
-- Found OpenSSL: /usr/lib/x86_64-linux-gnu/libcrypto.so (found version "3.0.2")  
-- Found FastRTPS: /opt/ros/humble/include  
-- Using RMW implementation 'rmw_fastrtps_cpp' as default
-- Looking for pthread.h
-- Looking for pthread.h - found
-- Performing Test CMAKE_HAVE_LIBC_PTHREAD
-- Performing Test CMAKE_HAVE_LIBC_PTHREAD - Success
-- Found Threads: TRUE  
-- Found geometry_msgs: 4.9.0 (/opt/ros/humble/share/geometry_msgs/cmake)
-- Found tf2: 0.25.16 (/opt/ros/humble/share/tf2/cmake)
-- Found std_srvs: 4.9.0 (/opt/ros/humble/share/std_srvs/cmake)
-- Found tf2_ros: 0.25.16 (/opt/ros/humble/share/tf2_ros/cmake)
-- Found tf2_geometry_msgs: 0.25.16 (/opt/ros/humble/share/tf2_geometry_msgs/cmake)
-- Found eigen3_cmake_module: 0.1.1 (/opt/ros/humble/share/eigen3_cmake_module/cmake)
-- Found Eigen3: TRUE (found version "3.4.0") 
-- Ensuring Eigen3 include directory is part of orocos-kdl CMake target
-- Found ament_lint_auto: 0.12.14 (/opt/ros/humble/share/ament_lint_auto/cmake)
-- Added test 'cppcheck' to perform static code analysis on C / C++ code
-- Configured cppcheck include dirs: 
-- Configured cppcheck exclude dirs and/or files: 
-- Added test 'flake8' to check Python code syntax and style conventions
-- Added test 'lint_cmake' to check CMake code style
-- Added test 'pep257' to check Python code against some of the docstring style conventions in PEP 257
-- Added test 'uncrustify' to check C / C++ code style
-- Configured uncrustify additional arguments: 
-- Added test 'xmllint' to check XML markup files
-- Configuring done
-- Generating done
-- Build files have been written to: /home/seifelshafey/nav_robot_ws/src/build/teleop_robot
[ 16%] [32mBuilding CXX object CMakeFiles/teleop.dir/src/teleop_node.cpp.o[0m
[ 33%] [32mBuilding CXX object CMakeFiles/state.dir/src/state_estimation_node.cpp.o[0m
[ 50%] [32mBuilding CXX object CMakeFiles/spawn.dir/src/spawn_robot.cpp.o[0m
[ 66%] [32m[1mLinking CXX executable teleop[0m
[ 83%] [32m[1mLinking CXX executable spawn[0m
[ 83%] Built target teleop
[ 83%] Built target spawn
[100%] [32m[1mLinking CXX executable state[0m
[100%] Built target state
-- Install configuration: ""
-- Installing: /home/seifelshafey/nav_robot_ws/src/install/teleop_robot/lib/teleop_robot/teleop
-- Set runtime path of "/home/seifelshafey/nav_robot_ws/src/install/teleop_robot/lib/teleop_robot/teleop" to ""
-- Installing: /home/seifelshafey/nav_robot_ws/src/install/teleop_robot/lib/teleop_robot/spawn
-- Set runtime path of "/home/seifelshafey/nav_robot_ws/src/install/teleop_robot/lib/teleop_robot/spawn" to ""
-- Installing: /home/seifelshafey/nav_robot_ws/src/install/teleop_robot/lib/teleop_robot/state
-- Set runtime path of "/home/seifelshafey/nav_robot_ws/src/install/teleop_robot/lib/teleop_robot/state" to ""
-- Installing: /home/seifelshafey/nav_robot_ws/src/install/teleop_robot/share/teleop_robot//config
-- Installing: /home/seifelshafey/nav_robot_ws/src/install/teleop_robot/share/teleop_robot//config/my_controllers.yaml
-- Installing: /home/seifelshafey/nav_robot_ws/src/install/teleop_robot/share/teleop_robot//urdf
-- Installing: /home/seifelshafey/nav_robot_ws/src/install/teleop_robot/share/teleop_robot//urdf/my_robot_links.xacro
-- Installing: /home/seifelshafey/nav_robot_ws/src/install/teleop_robot/share/teleop_robot//urdf/lidar.xacro
-- Installing: /home/seifelshafey/nav_robot_ws/src/install/teleop_robot/share/teleop_robot//urdf/robot_properties.xacro
-- Installing: /home/seifelshafey/nav_robot_ws/src/install/teleop_robot/share/teleop_robot//urdf/my_robot_joints.xacro
-- Installing: /home/seifelshafey/nav_robot_ws/src/install/teleop_robot/share/teleop_robot//urdf/ros2_control.xacro
-- Installing: /home/seifelshafey/nav_robot_ws/src/install/teleop_robot/share/teleop_robot//urdf/my_robot.urdf.xacro
-- Installing: /home/seifelshafey/nav_robot_ws/src/install/teleop_robot/share/teleop_robot//rviz
-- Installing: /home/seifelshafey/nav_robot_ws/src/install/teleop_robot/share/teleop_robot//rviz/my_robot.rviz
-- Installing: /home/seifelshafey/nav_robot_ws/src/install/teleop_robot/share/teleop_robot//launch
-- Installing: /home/seifelshafey/nav_robot_ws/src/install/teleop_robot/share/teleop_robot//launch/sim.launch.py
-- Installing: /home/seifelshafey/nav_robot_ws/src/install/teleop_robot/share/teleop_robot//launch/startup.launch.py
-- Installing: /home/seifelshafey/nav_robot_ws/src/install/teleop_robot/share/teleop_robot//launch/rsp.launch.py
-- Installing: /home/seifelshafey/nav_robot_ws/src/install/teleop_robot/share/ament_index/resource_index/package_run_dependencies/teleop_robot
-- Installing: /home/seifelshafey/nav_robot_ws/src/install/teleop_robot/share/ament_index/resource_index/parent_prefix_path/teleop_robot
-- Installing: /home/seifelshafey/nav_robot_ws/src/install/teleop_robot/share/teleop_robot/environment/ament_prefix_path.sh
-- Installing: /home/seifelshafey/nav_robot_ws/src/install/teleop_robot/share/teleop_robot/environment/ament_prefix_path.dsv
-- Installing: /home/seifelshafey/nav_robot_ws/src/install/teleop_robot/share/teleop_robot/environment/path.sh
-- Installing: /home/seifelshafey/nav_robot_ws/src/install/teleop_robot/share/teleop_robot/environment/path.dsv
-- Installing: /home/seifelshafey/nav_robot_ws/src/install/teleop_robot/share/teleop_robot/local_setup.bash
-- Installing: /home/seifelshafey/nav_robot_ws/src/install/teleop_robot/share/teleop_robot/local_setup.sh
-- Installing: /home/seifelshafey/nav_robot_ws/src/install/teleop_robot/share/teleop_robot/local_setup.zsh
-- Installing: /home/seifelshafey/nav_robot_ws/src/install/teleop_robot/share/teleop_robot/local_setup.dsv
-- Installing: /home/seifelshafey/nav_robot_ws/src/install/teleop_robot/share/teleop_robot/package.dsv
-- Installing: /home/seifelshafey/nav_robot_ws/src/install/teleop_robot/share/ament_index/resource_index/packages/teleop_robot
-- Installing: /home/seifelshafey/nav_robot_ws/src/install/teleop_robot/share/teleop_robot/cmake/teleop_robotConfig.cmake
-- Installing: /home/seifelshafey/nav_robot_ws/src/install/teleop_robot/share/teleop_robot/cmake/teleop_robotConfig-version.cmake
-- Installing: /home/seifelshafey/nav_robot_ws/src/install/teleop_robot/share/teleop_robot/package.xml
